This is METAFONT, Version 2.718281 (TeX Live 2012/Debian) (base=mf 2012.11.2)  19 NOV 2012 12:24
**cmfi10.mf
(cmfi10.mf (cmbase.mf) (textit.mf (itall.mf
Italic letter a [97]
Italic letter b [98]
Italic letter c [99]
Italic letter d [100]
Italic letter e [101]
Italic letter f [102]
Italic letter g [103]
Italic letter h [104]
Italic letter i [105]
Italic letter j [106]
Italic letter k [107]
Italic letter l [108]
Italic letter m [109]
Italic letter n [110]
Italic letter o [111]
Italic letter p [112]
Italic letter q [113]
Italic letter r [114]
Italic letter s [115]
Italic letter t [116]
Italic letter u [117]
Italic letter v [118]
Italic letter w [119]
Italic letter x [120]
Italic letter y [121]
Italic letter z [122]) (italsp.mf
Dotless italic letter i [16]
Dotless italic letter j [17]
Italic German letter es-zet (sharp s) [25]
Italic ligature ae [26]
Italic ligature oe [27]
Italic Scandinavian letter o/slash [28]) (italig.mf
Italic ligature ff [11]
Italic ligature fi [12]
Italic ligature fl [13]
Italic ligature ffi [14]
Italic ligature ffl [15]) (romanu.mf
The letter A [65]
The letter B [66]
The letter C [67]
The letter D [68]
The letter E [69]
The letter F [70]
The letter G [71]
The letter H [72]
The letter I [73]
The letter J [74]
The letter K [75]
The letter L [76]
The letter M [77]
The letter N [78]
The letter O [79]
The letter P [80]
The letter Q [81]
The letter R [82]
The letter S [83]
The letter T [84]
The letter U [85]
The letter V [86]
The letter W [87]
The letter X [88]
The letter Y [89]
The letter Z [90]) (greeku.mf
Uppercase Greek Gamma [0]
Uppercase Greek Delta [1]
Uppercase Greek Theta [2]
Uppercase Greek Lambda [3]
Uppercase Greek Xi [4]
Uppercase Greek Pi [5]
Uppercase Greek Sigma [6]
Uppercase Greek Upsilon [7]
Uppercase Greek Phi [8]
Uppercase Greek Psi [9]
Uppercase Greek Omega [10]) (itald.mf
Italic numeral 0 [48]
Italic numeral 1 [49]
Italic numeral 2 [50]
Italic numeral 3 [51]
Italic numeral 4 [52]
Italic numeral 5 [53]
Italic numeral 6 [54]
Italic numeral 7 [55]
Italic numeral 8 [56]
Italic numeral 9 [57]) (italp.mf
Sterling sign [36]
Italic ampersand [38]
Italic question mark [63]
Spanish open italic question mark [62]) (romspu.mf
The ligature AE [29]
The ligature OE [30]
Scandinavian letter O/slash [31]) (punct.mf
Exclamation point [33]
Spanish open exclamation point [60]
Hash mark (number sign) [35]
Per cent sign [37]
Apostrophe [39]
Left parenthesis [40]
Right parenthesis [41]
Asterisk [42]
Plus sign [43]
Comma [44]
Period [46]
Virgule (slash) [47]
Colon [58]
Semicolon [59]
Equals sign [61]
At sign [64]
Left bracket [91]
Right bracket [93]
Reverse apostrophe [96]) (accent.mf
Grave accent [18]
Acute accent [19]
Hachek (check) accent [20]
Breve accent [21]
Macron (bar) accent [22]
Scandinavian circle accent [23]
Cedilla accent [24]
Cross for Polish l and L [32]
Circumflex (hat) accent [94]
Dot accent [95]
Long Hungarian umlaut accent [125]
Tilde (squiggle) accent [126]
Umlaut (double dot) accent [127]) (comlig.mf
Closing quotes [34]
Hyphen [45]
Opening quotes [92]
En dash [123]
Em dash [124]) ) )
Output written on cmfi10.2602gf (128 characters, 232940 bytes).
