This is TeX, Version 3.14159 (C version 6.1) (format=latex 97.11.16)  9 APR 1998 14:17
**paper
(paper.tex
LaTeX2e <1997/06/01>
(ltugboat.cls
Document Class: ltugboat 1996/10/14 v1.4b TUGboat journal class
(/home/cou/facguest/sas/roegel/TeX/inputs/base/article.cls
Document Class: article 1997/06/16 v1.3v Standard LaTeX document class
(/home/cou/facguest/sas/roegel/TeX/inputs/base/size10.clo
File: size10.clo 1997/06/16 v1.3v Standard LaTeX file (size option)
)
\c@part=\count82
\c@section=\count83
\c@subsection=\count84
\c@subsubsection=\count85
\c@paragraph=\count86
\c@subparagraph=\count87
\c@figure=\count88
\c@table=\count89
\abovecaptionskip=\skip41
\belowcaptionskip=\skip42
\bibindent=\dimen102
)
(/usr/local/pkg/teTeX/texmf/tex/latex/mflogo/mflogo.sty
Package: mflogo 1995/12/04 v1.5c LaTeX package for METAFONT and MetaPost logos
)
LaTeX Info: Redefining \TeX on input line 197.
\normalparindent=\dimen103
\T@stBox=\box26
\TestBox=\box27
\T@stCount=\count90
\TestCount=\count91
\T@stDimen=\dimen104
\TestDimen=\dimen105
\hours=\count92
\minutes=\count93
\raggedskip=\dimen106
\raggedstretch=\dimen107
\raggedparfill=\skip43
\issueseqno=\count94
\@TBremarkfile=\write3
\pagewd=\dimen108
\trimwd=\dimen109
\trimlgt=\dimen110
\headmargin=\dimen111
LaTeX Info: Redefining \LaTeX on input line 471.
\signaturewidth=\dimen112
\authornumber=\count95
\stbaselineskip=\dimen113
\stfontheight=\dimen114
\PreTitleDrop=\dimen115
\AboveTitleSkip=\skip44
\BelowTitleSkip=\skip45
\strulethickness=\dimen116
\bibhang=\skip46
\bibindent=\dimen117
)
(/usr/local/pkg/teTeX/texmf/tex/latex/misc/url.sty
Package: url 1996/02/06  ver 1.1  Verb mode for urls, email addresses, and file
 names
)
(/home/cou/facguest/sas/roegel/TeX/inputs/graphics/graphicx.sty
Package: graphicx 1997/06/09 v1.0d Enhanced LaTeX Graphics (DPC,SPQR)

(/home/cou/facguest/sas/roegel/TeX/inputs/graphics/keyval.sty
Package: keyval 1995/09/21 v1.09 key=value parser (DPC)
)
(/home/cou/facguest/sas/roegel/TeX/inputs/graphics/graphics.sty
Package: graphics 1997/06/07 v1.0d Standard LaTeX Graphics (DPC,SPQR)

(/home/cou/facguest/sas/roegel/TeX/inputs/graphics/trig.sty
Package: trig 1994/10/16 v1.08 sin cos tan (DPC)
)
(/usr/local/pkg/teTeX/texmf/tex/latex/config/graphics.cfg)
Package graphics Info: Driver file: dvips.def on input line 84.

(/home/cou/facguest/sas/roegel/TeX/inputs/graphics/dvips.def
File: dvips.def 1996/12/12 v3.0d Driver-dependant file (DPC,SPQR)
))
\Gin@req@height=\dimen118
\Gin@req@width=\dimen119
) (paper.aux)
LaTeX Font Info:    Checking defaults for OML/cmm/m/it on input line 125.
LaTeX Font Info:    ... okay on input line 125.
LaTeX Font Info:    Checking defaults for T1/cmr/m/n on input line 125.
LaTeX Font Info:    ... okay on input line 125.
LaTeX Font Info:    Checking defaults for OT1/cmr/m/n on input line 125.
LaTeX Font Info:    ... okay on input line 125.
LaTeX Font Info:    Checking defaults for OMS/cmsy/m/n on input line 125.
LaTeX Font Info:    ... okay on input line 125.
LaTeX Font Info:    Checking defaults for OMX/cmex/m/n on input line 125.
LaTeX Font Info:    ... okay on input line 125.
LaTeX Font Info:    Checking defaults for U/cmr/m/n on input line 125.
LaTeX Font Info:    ... okay on input line 125.
LaTeX Font Info:    Try loading font information for U+logo on input line 138.

(/usr/local/pkg/teTeX/texmf/tex/latex/mflogo/ulogo.fd
File: Ulogo.fd 1995/12/04 v1.5c LaTeX font definitions for METAFONT logo fonts
)
LaTeX Font Info:    Font shape `U/logo/bx/n' in size <10> not available
(Font)              Font shape `U/logo/b/n' tried instead on input line 138.


Class ltugboat Warning: *-form of \section inappropriate on input line 140.

LaTeX Font Info:    External font `cmex10' loaded for size
(Font)              <7> on input line 174.
LaTeX Font Info:    External font `cmex10' loaded for size
(Font)              <5> on input line 174.
LaTeX Font Info:    External font `cmex10' loaded for size
(Font)              <8> on input line 256.
LaTeX Font Info:    External font `cmex10' loaded for size
(Font)              <6> on input line 256.
[274


]
File: vect-fig.9 Graphic file (type eps)
 <vect-fig.9>
File: vect-fig.10 Graphic file (type eps)
 <vect-fig.10>
Underfull \vbox (badness 10000) has occurred while \output is active []

 [275]
Underfull \hbox (badness 4096) in paragraph at lines 392--411
\OT1/cmr/m/n/10 Five points are de-fined, four of them with
 []


Underfull \vbox (badness 10000) has occurred while \output is active []

File: tetra.ps Graphic file (type eps)

<tetra.ps>
Underfull \vbox (badness 6808) has occurred while \output is active []

 [276]
File: icosa.ps Graphic file (type eps)

<icosa.ps>
File: cube.ps Graphic file (type eps)
 <cube.ps>
File: octa.ps Graphic file (type eps)
 <octa.ps>
File: dodeca.ps Graphic file (type eps)
 <dodeca.ps>
File: icosa-w.ps Graphic file (type eps)
 <icosa-w.ps>
Underfull \vbox (badness 10000) has occurred while \output is active []

 [277]
File: vect-fig.8 Graphic file (type eps)

<vect-fig.8>
File: vect-fig.16 Graphic file (type eps)
 <vect-fig.16>
File: anim.1 Graphic file (type eps)
 <anim.1>
File: anim.2 Graphic file (type eps)
 <anim.2>
File: anim.3 Graphic file (type eps)
 <anim.3>
File: anim.4 Graphic file (type eps)
 <anim.4>
File: anim.5 Graphic file (type eps)
 <anim.5>
[278] [279] (paper.bbl
Underfull \vbox (badness 10000) has occurred while \output is active []


Underfull \hbox (badness 5862) in paragraph at lines 35--39
[]\OT1/cmr/m/n/10 M^^?uller, Ren^^Se K. ``GIFMerge, ver-sion 1.33''.
 []

)
LaTeX Font Info:    Font shape `OT1/cmtt/bx/n' in size <10> not available
(Font)              Font shape `OT1/cmtt/m/n' tried instead on input line 735.
LaTeX Font Info:    Try loading font information for OMS+cmr on input line 743.

 (/home/cou/facguest/sas/roegel/TeX/inputs/base/omscmr.fd
File: omscmr.fd 1997/06/16 v2.5e Standard LaTeX font definitions
)
LaTeX Font Info:    Font shape `OMS/cmr/m/n' in size <10> not available
(Font)              Font shape `OMS/cmsy/m/n' tried instead on input line 743.
 [280]
Underfull \hbox (badness 10000) in paragraph at lines 840--843
[][]\OT1/cmtt/m/n/10 rotate_obj_abs_pv($\OMS/cmsy/m/n/10 h$\OT1/cmr/m/it/10 obj
$\OMS/cmsy/m/n/10 i$\OT1/cmtt/m/n/10 ,$\OMS/cmsy/m/n/10 h$\OT1/cmr/m/it/10 apn$
\OMS/cmsy/m/n/10 i$\OT1/cmtt/m/n/10 ,$\OMS/cmsy/m/n/10 h$\OT1/cmr/m/it/10 avn$\
OMS/cmsy/m/n/10 i$\OT1/cmtt/m/n/10 ,$\OML/cmm/m/it/10 a$[]\OT1/cmtt/m/n/10 )\OT
1/cmr/m/n/10 :
 []


Overfull \hbox (3.36049pt too wide) in paragraph at lines 848--849
[][]\OT1/cmtt/m/n/10 scale_obj($\OMS/cmsy/m/n/10 h$\OT1/cmr/m/it/10 obj$\OMS/cm
sy/m/n/10 i$\OT1/cmtt/m/n/10 ,$\OML/cmm/m/it/10 v$[]\OT1/cmtt/m/n/10 )\OT1/cmr/
m/n/10 : ob-ject $\OMS/cmsy/m/n/10 h$\OT1/cmr/m/it/10 obj$\OMS/cmsy/m/n/10 i$ \
OT1/cmr/m/n/10 is scaled by $\OML/cmm/m/it/10 v$\OT1/cmr/m/n/10 . 
 []

File: vect-fig.11 Graphic file (type eps)
<vect-fig.11>
File: vect-fig.7 Graphic file (type eps)
 <vect-fig.7> [281]
File: vect-fig.17 Graphic file (type eps)
 <vect-fig.17> [282]
Underfull \vbox (badness 3954) has occurred while \output is active []

LaTeX Font Info:    External font `cmex10' loaded for size
(Font)              <9> on input line 1127.
 [283]
(paper.aux) ) 
Here is how much of TeX's memory you used:
 1167 strings out of 10884
 11324 string characters out of 72869
 66029 words of memory out of 262141
 3960 multiletter control sequences out of 9500
 8605 words of font info for 34 fonts, out of 150000 for 255
 20 hyphenation exceptions out of 607
 29i,13n,21p,233b,327s stack positions out of 300i,40n,60p,3000b,4000s

Output written on paper.dvi (10 pages, 49796 bytes).
