This is METAFONT, Version 2.718281 (TeX Live 2012/Debian) (base=mf 2012.11.2)  19 NOV 2012 14:58
**\mode=ljfour; input font1.mf
(font1.mf (font1base.mf)
the character A [65]
the character B [66]
the character C [67]
the character D [68]
the character E [69]
the character F [70]
the character G [71]
the character H [72]
the character I [73]
the character J [74]
the character K [75]
the character ? [63]
the character L [76]
the character M [77]
the character N [78]
the character O [79]
the character P [80]
the character Q [81]
the character R [82]
the character S [83]
the character T [84]
the character exclamation [33]
the character U [85]
the character V [86]
the character W [87]
the character X [88]
the character Y [89]
the character Z [90]
the character a [97]
the character b [98]
the character c [99]
the character d [100]
the character e [101]
the character f [102]
the character g [103]
the character h [104]
the character i [105]
the character j [106]
the character k [107]
the character l [108]
the character m [109]
the character n [110]
the character o [111]
the character p [112]
the character q [113]
the character r [114]
the character s [115]
the character t [116]
the character u [117]
the character v [118]
the character w [119]
the character x [120]
the character y [121]
the character z [122]
the character hyphen [45]
the character period [46]
the character comma [44] )
Font metrics written on font1.tfm.
Output written on font1.723gf (57 characters, 53120 bytes).
